This file contains any messages produced by compilers while
running configure, to aid debugging if configure makes a mistake.

It was created by ALOE configure 1.6.0, which was
generated by GNU Autoconf 2.69.  Invocation command line was

  $ ./configure LIBS=-lpthread -lboost_system CFLAGS=-O3 -march=native -mfpmath=sse

## --------- ##
## Platform. ##
## --------- ##

hostname = LUBUESRLAB
uname -m = x86_64
uname -r = 4.15.0-91-generic
uname -s = Linux
uname -v = #92~16.04.1-Ubuntu SMP Fri Feb 28 14:57:22 UTC 2020

/usr/bin/uname -p = unknown
/bin/uname -X     = unknown

/bin/arch              = unknown
/usr/bin/arch -k       = unknown
/usr/convex/getsysinfo = unknown
/usr/bin/hostinfo      = unknown
/bin/machine           = unknown
/usr/bin/oslevel       = unknown
/bin/universe          = unknown

PATH: /home/esrlab/bin
PATH: /home/esrlab/.local/bin
PATH: /usr/local/sbin
PATH: /usr/local/bin
PATH: /usr/sbin
PATH: /usr/bin
PATH: /sbin
PATH: /bin
PATH: /usr/games
PATH: /usr/local/games


## ----------- ##
## Core tests. ##
## ----------- ##

configure:2440: checking for a BSD-compatible install
configure:2508: result: /usr/bin/install -c
configure:2519: checking whether build environment is sane
configure:2574: result: yes
configure:2725: checking for a thread-safe mkdir -p
configure:2764: result: /bin/mkdir -p
configure:2771: checking for gawk
configure:2787: found /usr/bin/gawk
configure:2798: result: gawk
configure:2809: checking whether make sets $(MAKE)
configure:2831: result: yes
configure:2860: checking whether make supports nested variables
configure:2877: result: yes
configure:3007: checking build system type
configure:3021: result: x86_64-pc-linux-gnu
configure:3041: checking host system type
configure:3054: result: x86_64-pc-linux-gnu
configure:3123: checking for gcc
configure:3139: found /usr/bin/gcc
configure:3150: result: gcc
configure:3379: checking for C compiler version
configure:3388: gcc --version >&5
gcc (Ubuntu 5.4.0-6ubuntu1~16.04.12) 5.4.0 20160609
Copyright (C) 2015 Free Software Foundation, Inc.
This is free software; see the source for copying conditions.  There is NO
warranty; not even for MERCHANTABILITY or FITNESS FOR A PARTICULAR PURPOSE.

configure:3399: $? = 0
configure:3388: gcc -v >&5
Using built-in specs.
COLLECT_GCC=gcc
COLLECT_LTO_WRAPPER=/usr/lib/gcc/x86_64-linux-gnu/5/lto-wrapper
Target: x86_64-linux-gnu
Configured with: ../src/configure -v --with-pkgversion='Ubuntu 5.4.0-6ubuntu1~16.04.12' --with-bugurl=file:///usr/share/doc/gcc-5/README.Bugs --enable-languages=c,ada,c++,java,go,d,fortran,objc,obj-c++ --prefix=/usr --program-suffix=-5 --enable-shared --enable-linker-build-id --libexecdir=/usr/lib --without-included-gettext --enable-threads=posix --libdir=/usr/lib --enable-nls --with-sysroot=/ --enable-clocale=gnu --enable-libstdcxx-debug --enable-libstdcxx-time=yes --with-default-libstdcxx-abi=new --enable-gnu-unique-object --disable-vtable-verify --enable-libmpx --enable-plugin --with-system-zlib --disable-browser-plugin --enable-java-awt=gtk --enable-gtk-cairo --with-java-home=/usr/lib/jvm/java-1.5.0-gcj-5-amd64/jre --enable-java-home --with-jvm-root-dir=/usr/lib/jvm/java-1.5.0-gcj-5-amd64 --with-jvm-jar-dir=/usr/lib/jvm-exports/java-1.5.0-gcj-5-amd64 --with-arch-directory=amd64 --with-ecj-jar=/usr/share/java/eclipse-ecj.jar --enable-objc-gc --enable-multiarch --disable-werror --with-arch-32=i686 --with-abi=m64 --with-multilib-list=m32,m64,mx32 --enable-multilib --with-tune=generic --enable-checking=release --build=x86_64-linux-gnu --host=x86_64-linux-gnu --target=x86_64-linux-gnu
Thread model: posix
gcc version 5.4.0 20160609 (Ubuntu 5.4.0-6ubuntu1~16.04.12) 
configure:3399: $? = 0
configure:3388: gcc -V >&5
gcc: error: unrecognized command line option '-V'
gcc: fatal error: no input files
compilation terminated.
configure:3399: $? = 1
configure:3388: gcc -qversion >&5
gcc: error: unrecognized command line option '-qversion'
gcc: fatal error: no input files
compilation terminated.
configure:3399: $? = 1
configure:3419: checking whether the C compiler works
configure:3441: gcc -O3 -march=native -mfpmath=sse   conftest.c -lpthread -lboost_system >&5
configure:3445: $? = 0
configure:3493: result: yes
configure:3496: checking for C compiler default output file name
configure:3498: result: a.out
configure:3504: checking for suffix of executables
configure:3511: gcc -o conftest -O3 -march=native -mfpmath=sse   conftest.c -lpthread -lboost_system >&5
configure:3515: $? = 0
configure:3537: result: 
configure:3559: checking whether we are cross compiling
configure:3567: gcc -o conftest -O3 -march=native -mfpmath=sse   conftest.c -lpthread -lboost_system >&5
configure:3571: $? = 0
configure:3578: ./conftest
configure:3582: $? = 0
configure:3597: result: no
configure:3602: checking for suffix of object files
configure:3624: gcc -c -O3 -march=native -mfpmath=sse  conftest.c >&5
configure:3628: $? = 0
configure:3649: result: o
configure:3653: checking whether we are using the GNU C compiler
configure:3672: gcc -c -O3 -march=native -mfpmath=sse  conftest.c >&5
configure:3672: $? = 0
configure:3681: result: yes
configure:3690: checking whether gcc accepts -g
configure:3710: gcc -c -g  conftest.c >&5
configure:3710: $? = 0
configure:3751: result: yes
configure:3768: checking for gcc option to accept ISO C89
configure:3831: gcc  -c -O3 -march=native -mfpmath=sse  conftest.c >&5
configure:3831: $? = 0
configure:3844: result: none needed
configure:3869: checking whether gcc understands -c and -o together
configure:3891: gcc -c conftest.c -o conftest2.o
configure:3894: $? = 0
configure:3891: gcc -c conftest.c -o conftest2.o
configure:3894: $? = 0
configure:3906: result: yes
configure:3934: checking for style of include used by make
configure:3962: result: GNU
configure:3988: checking dependency style of gcc
configure:4099: result: gcc3
configure:4172: checking for g++
configure:4188: found /usr/bin/g++
configure:4199: result: g++
configure:4226: checking for C++ compiler version
configure:4235: g++ --version >&5
g++ (Ubuntu 5.4.0-6ubuntu1~16.04.12) 5.4.0 20160609
Copyright (C) 2015 Free Software Foundation, Inc.
This is free software; see the source for copying conditions.  There is NO
warranty; not even for MERCHANTABILITY or FITNESS FOR A PARTICULAR PURPOSE.

configure:4246: $? = 0
configure:4235: g++ -v >&5
Using built-in specs.
COLLECT_GCC=g++
COLLECT_LTO_WRAPPER=/usr/lib/gcc/x86_64-linux-gnu/5/lto-wrapper
Target: x86_64-linux-gnu
Configured with: ../src/configure -v --with-pkgversion='Ubuntu 5.4.0-6ubuntu1~16.04.12' --with-bugurl=file:///usr/share/doc/gcc-5/README.Bugs --enable-languages=c,ada,c++,java,go,d,fortran,objc,obj-c++ --prefix=/usr --program-suffix=-5 --enable-shared --enable-linker-build-id --libexecdir=/usr/lib --without-included-gettext --enable-threads=posix --libdir=/usr/lib --enable-nls --with-sysroot=/ --enable-clocale=gnu --enable-libstdcxx-debug --enable-libstdcxx-time=yes --with-default-libstdcxx-abi=new --enable-gnu-unique-object --disable-vtable-verify --enable-libmpx --enable-plugin --with-system-zlib --disable-browser-plugin --enable-java-awt=gtk --enable-gtk-cairo --with-java-home=/usr/lib/jvm/java-1.5.0-gcj-5-amd64/jre --enable-java-home --with-jvm-root-dir=/usr/lib/jvm/java-1.5.0-gcj-5-amd64 --with-jvm-jar-dir=/usr/lib/jvm-exports/java-1.5.0-gcj-5-amd64 --with-arch-directory=amd64 --with-ecj-jar=/usr/share/java/eclipse-ecj.jar --enable-objc-gc --enable-multiarch --disable-werror --with-arch-32=i686 --with-abi=m64 --with-multilib-list=m32,m64,mx32 --enable-multilib --with-tune=generic --enable-checking=release --build=x86_64-linux-gnu --host=x86_64-linux-gnu --target=x86_64-linux-gnu
Thread model: posix
gcc version 5.4.0 20160609 (Ubuntu 5.4.0-6ubuntu1~16.04.12) 
configure:4246: $? = 0
configure:4235: g++ -V >&5
g++: error: unrecognized command line option '-V'
g++: fatal error: no input files
compilation terminated.
configure:4246: $? = 1
configure:4235: g++ -qversion >&5
g++: error: unrecognized command line option '-qversion'
g++: fatal error: no input files
compilation terminated.
configure:4246: $? = 1
configure:4250: checking whether we are using the GNU C++ compiler
configure:4269: g++ -c   conftest.cpp >&5
configure:4269: $? = 0
configure:4278: result: yes
configure:4287: checking whether g++ accepts -g
configure:4307: g++ -c -g  conftest.cpp >&5
configure:4307: $? = 0
configure:4348: result: yes
configure:4373: checking dependency style of g++
configure:4484: result: gcc3
configure:4542: checking for ranlib
configure:4558: found /usr/bin/ranlib
configure:4569: result: ranlib
configure:4599: checking how to run the C preprocessor
configure:4630: gcc -E  conftest.c
configure:4630: $? = 0
configure:4644: gcc -E  conftest.c
conftest.c:11:28: fatal error: ac_nonexistent.h: No such file or directory
compilation terminated.
configure:4644: $? = 1
configure: failed program was:
| /* confdefs.h */
| #define PACKAGE_NAME "ALOE"
| #define PACKAGE_TARNAME "aloe"
| #define PACKAGE_VERSION "1.6.0"
| #define PACKAGE_STRING "ALOE 1.6.0"
| #define PACKAGE_BUGREPORT ""
| #define PACKAGE_URL ""
| #define PACKAGE "aloe"
| #define VERSION "1.6.0"
| /* end confdefs.h.  */
| #include <ac_nonexistent.h>
configure:4669: result: gcc -E
configure:4689: gcc -E  conftest.c
configure:4689: $? = 0
configure:4703: gcc -E  conftest.c
conftest.c:11:28: fatal error: ac_nonexistent.h: No such file or directory
compilation terminated.
configure:4703: $? = 1
configure: failed program was:
| /* confdefs.h */
| #define PACKAGE_NAME "ALOE"
| #define PACKAGE_TARNAME "aloe"
| #define PACKAGE_VERSION "1.6.0"
| #define PACKAGE_STRING "ALOE 1.6.0"
| #define PACKAGE_BUGREPORT ""
| #define PACKAGE_URL ""
| #define PACKAGE "aloe"
| #define VERSION "1.6.0"
| /* end confdefs.h.  */
| #include <ac_nonexistent.h>
configure:4732: checking for grep that handles long lines and -e
configure:4790: result: /bin/grep
configure:4795: checking for egrep
configure:4857: result: /bin/grep -E
configure:4862: checking for ANSI C header files
configure:4882: gcc -c -O3 -march=native -mfpmath=sse  conftest.c >&5
configure:4882: $? = 0
configure:4955: gcc -o conftest -O3 -march=native -mfpmath=sse   conftest.c -lpthread -lboost_system >&5
configure:4955: $? = 0
configure:4955: ./conftest
configure:4955: $? = 0
configure:4966: result: yes
configure:4979: checking for sys/types.h
configure:4979: gcc -c -O3 -march=native -mfpmath=sse  conftest.c >&5
configure:4979: $? = 0
configure:4979: result: yes
configure:4979: checking for sys/stat.h
configure:4979: gcc -c -O3 -march=native -mfpmath=sse  conftest.c >&5
configure:4979: $? = 0
configure:4979: result: yes
configure:4979: checking for stdlib.h
configure:4979: gcc -c -O3 -march=native -mfpmath=sse  conftest.c >&5
configure:4979: $? = 0
configure:4979: result: yes
configure:4979: checking for string.h
configure:4979: gcc -c -O3 -march=native -mfpmath=sse  conftest.c >&5
configure:4979: $? = 0
configure:4979: result: yes
configure:4979: checking for memory.h
configure:4979: gcc -c -O3 -march=native -mfpmath=sse  conftest.c >&5
configure:4979: $? = 0
configure:4979: result: yes
configure:4979: checking for strings.h
configure:4979: gcc -c -O3 -march=native -mfpmath=sse  conftest.c >&5
configure:4979: $? = 0
configure:4979: result: yes
configure:4979: checking for inttypes.h
configure:4979: gcc -c -O3 -march=native -mfpmath=sse  conftest.c >&5
configure:4979: $? = 0
configure:4979: result: yes
configure:4979: checking for stdint.h
configure:4979: gcc -c -O3 -march=native -mfpmath=sse  conftest.c >&5
configure:4979: $? = 0
configure:4979: result: yes
configure:4979: checking for unistd.h
configure:4979: gcc -c -O3 -march=native -mfpmath=sse  conftest.c >&5
configure:4979: $? = 0
configure:4979: result: yes
configure:4993: checking time.h usability
configure:4993: gcc -c -O3 -march=native -mfpmath=sse  conftest.c >&5
configure:4993: $? = 0
configure:4993: result: yes
configure:4993: checking time.h presence
configure:4993: gcc -E  conftest.c
configure:4993: $? = 0
configure:4993: result: yes
configure:4993: checking for time.h
configure:4993: result: yes
configure:5005: checking stdio.h usability
configure:5005: gcc -c -O3 -march=native -mfpmath=sse  conftest.c >&5
configure:5005: $? = 0
configure:5005: result: yes
configure:5005: checking stdio.h presence
configure:5005: gcc -E  conftest.c
configure:5005: $? = 0
configure:5005: result: yes
configure:5005: checking for stdio.h
configure:5005: result: yes
configure:5017: checking for stdlib.h
configure:5017: result: yes
configure:5030: checking arpa/inet.h usability
configure:5030: gcc -c -O3 -march=native -mfpmath=sse  conftest.c >&5
configure:5030: $? = 0
configure:5030: result: yes
configure:5030: checking arpa/inet.h presence
configure:5030: gcc -E  conftest.c
configure:5030: $? = 0
configure:5030: result: yes
configure:5030: checking for arpa/inet.h
configure:5030: result: yes
configure:5030: checking fcntl.h usability
configure:5030: gcc -c -O3 -march=native -mfpmath=sse  conftest.c >&5
configure:5030: $? = 0
configure:5030: result: yes
configure:5030: checking fcntl.h presence
configure:5030: gcc -E  conftest.c
configure:5030: $? = 0
configure:5030: result: yes
configure:5030: checking for fcntl.h
configure:5030: result: yes
configure:5030: checking float.h usability
configure:5030: gcc -c -O3 -march=native -mfpmath=sse  conftest.c >&5
configure:5030: $? = 0
configure:5030: result: yes
configure:5030: checking float.h presence
configure:5030: gcc -E  conftest.c
configure:5030: $? = 0
configure:5030: result: yes
configure:5030: checking for float.h
configure:5030: result: yes
configure:5030: checking netdb.h usability
configure:5030: gcc -c -O3 -march=native -mfpmath=sse  conftest.c >&5
configure:5030: $? = 0
configure:5030: result: yes
configure:5030: checking netdb.h presence
configure:5030: gcc -E  conftest.c
configure:5030: $? = 0
configure:5030: result: yes
configure:5030: checking for netdb.h
configure:5030: result: yes
configure:5030: checking netinet/in.h usability
configure:5030: gcc -c -O3 -march=native -mfpmath=sse  conftest.c >&5
configure:5030: $? = 0
configure:5030: result: yes
configure:5030: checking netinet/in.h presence
configure:5030: gcc -E  conftest.c
configure:5030: $? = 0
configure:5030: result: yes
configure:5030: checking for netinet/in.h
configure:5030: result: yes
configure:5030: checking stddef.h usability
configure:5030: gcc -c -O3 -march=native -mfpmath=sse  conftest.c >&5
configure:5030: $? = 0
configure:5030: result: yes
configure:5030: checking stddef.h presence
configure:5030: gcc -E  conftest.c
configure:5030: $? = 0
configure:5030: result: yes
configure:5030: checking for stddef.h
configure:5030: result: yes
configure:5030: checking for stdint.h
configure:5030: result: yes
configure:5030: checking for stdlib.h
configure:5030: result: yes
configure:5030: checking for string.h
configure:5030: result: yes
configure:5030: checking for strings.h
configure:5030: result: yes
configure:5030: checking sys/socket.h usability
configure:5030: gcc -c -O3 -march=native -mfpmath=sse  conftest.c >&5
configure:5030: $? = 0
configure:5030: result: yes
configure:5030: checking sys/socket.h presence
configure:5030: gcc -E  conftest.c
configure:5030: $? = 0
configure:5030: result: yes
configure:5030: checking for sys/socket.h
configure:5030: result: yes
configure:5030: checking sys/time.h usability
configure:5030: gcc -c -O3 -march=native -mfpmath=sse  conftest.c >&5
configure:5030: $? = 0
configure:5030: result: yes
configure:5030: checking sys/time.h presence
configure:5030: gcc -E  conftest.c
configure:5030: $? = 0
configure:5030: result: yes
configure:5030: checking for sys/time.h
configure:5030: result: yes
configure:5030: checking for unistd.h
configure:5030: result: yes
configure:5042: checking for stdbool.h that conforms to C99
configure:5109: gcc -c -O3 -march=native -mfpmath=sse  conftest.c >&5
configure:5109: $? = 0
configure:5116: result: yes
configure:5118: checking for _Bool
configure:5118: gcc -c -O3 -march=native -mfpmath=sse  conftest.c >&5
configure:5118: $? = 0
configure:5118: gcc -c -O3 -march=native -mfpmath=sse  conftest.c >&5
conftest.c: In function 'main':
conftest.c:73:20: error: expected expression before ')' token
 if (sizeof ((_Bool)))
                    ^
configure:5118: $? = 1
configure: failed program was:
| /* confdefs.h */
| #define PACKAGE_NAME "ALOE"
| #define PACKAGE_TARNAME "aloe"
| #define PACKAGE_VERSION "1.6.0"
| #define PACKAGE_STRING "ALOE 1.6.0"
| #define PACKAGE_BUGREPORT ""
| #define PACKAGE_URL ""
| #define PACKAGE "aloe"
| #define VERSION "1.6.0"
| #define STDC_HEADERS 1
| #define HAVE_SYS_TYPES_H 1
| #define HAVE_SYS_STAT_H 1
| #define HAVE_STDLIB_H 1
| #define HAVE_STRING_H 1
| #define HAVE_MEMORY_H 1
| #define HAVE_STRINGS_H 1
| #define HAVE_INTTYPES_H 1
| #define HAVE_STDINT_H 1
| #define HAVE_UNISTD_H 1
| #define HAVE_TIME_H 1
| #define HAVE_STDIO_H 1
| #define HAVE_STDLIB_H 1
| #define HAVE_ARPA_INET_H 1
| #define HAVE_FCNTL_H 1
| #define HAVE_FLOAT_H 1
| #define HAVE_NETDB_H 1
| #define HAVE_NETINET_IN_H 1
| #define HAVE_STDDEF_H 1
| #define HAVE_STDINT_H 1
| #define HAVE_STDLIB_H 1
| #define HAVE_STRING_H 1
| #define HAVE_STRINGS_H 1
| #define HAVE_SYS_SOCKET_H 1
| #define HAVE_SYS_TIME_H 1
| #define HAVE_UNISTD_H 1
| /* end confdefs.h.  */
| #include <stdio.h>
| #ifdef HAVE_SYS_TYPES_H
| # include <sys/types.h>
| #endif
| #ifdef HAVE_SYS_STAT_H
| # include <sys/stat.h>
| #endif
| #ifdef STDC_HEADERS
| # include <stdlib.h>
| # include <stddef.h>
| #else
| # ifdef HAVE_STDLIB_H
| #  include <stdlib.h>
| # endif
| #endif
| #ifdef HAVE_STRING_H
| # if !defined STDC_HEADERS && defined HAVE_MEMORY_H
| #  include <memory.h>
| # endif
| # include <string.h>
| #endif
| #ifdef HAVE_STRINGS_H
| # include <strings.h>
| #endif
| #ifdef HAVE_INTTYPES_H
| # include <inttypes.h>
| #endif
| #ifdef HAVE_STDINT_H
| # include <stdint.h>
| #endif
| #ifdef HAVE_UNISTD_H
| # include <unistd.h>
| #endif
| int
| main ()
| {
| if (sizeof ((_Bool)))
| 	    return 0;
|   ;
|   return 0;
| }
configure:5118: result: yes
configure:5129: checking for inline
configure:5145: gcc -c -O3 -march=native -mfpmath=sse  conftest.c >&5
configure:5145: $? = 0
configure:5153: result: inline
configure:5171: checking for mode_t
configure:5171: gcc -c -O3 -march=native -mfpmath=sse  conftest.c >&5
configure:5171: $? = 0
configure:5171: gcc -c -O3 -march=native -mfpmath=sse  conftest.c >&5
conftest.c: In function 'main':
conftest.c:74:21: error: expected expression before ')' token
 if (sizeof ((mode_t)))
                     ^
configure:5171: $? = 1
configure: failed program was:
| /* confdefs.h */
| #define PACKAGE_NAME "ALOE"
| #define PACKAGE_TARNAME "aloe"
| #define PACKAGE_VERSION "1.6.0"
| #define PACKAGE_STRING "ALOE 1.6.0"
| #define PACKAGE_BUGREPORT ""
| #define PACKAGE_URL ""
| #define PACKAGE "aloe"
| #define VERSION "1.6.0"
| #define STDC_HEADERS 1
| #define HAVE_SYS_TYPES_H 1
| #define HAVE_SYS_STAT_H 1
| #define HAVE_STDLIB_H 1
| #define HAVE_STRING_H 1
| #define HAVE_MEMORY_H 1
| #define HAVE_STRINGS_H 1
| #define HAVE_INTTYPES_H 1
| #define HAVE_STDINT_H 1
| #define HAVE_UNISTD_H 1
| #define HAVE_TIME_H 1
| #define HAVE_STDIO_H 1
| #define HAVE_STDLIB_H 1
| #define HAVE_ARPA_INET_H 1
| #define HAVE_FCNTL_H 1
| #define HAVE_FLOAT_H 1
| #define HAVE_NETDB_H 1
| #define HAVE_NETINET_IN_H 1
| #define HAVE_STDDEF_H 1
| #define HAVE_STDINT_H 1
| #define HAVE_STDLIB_H 1
| #define HAVE_STRING_H 1
| #define HAVE_STRINGS_H 1
| #define HAVE_SYS_SOCKET_H 1
| #define HAVE_SYS_TIME_H 1
| #define HAVE_UNISTD_H 1
| #define HAVE__BOOL 1
| /* end confdefs.h.  */
| #include <stdio.h>
| #ifdef HAVE_SYS_TYPES_H
| # include <sys/types.h>
| #endif
| #ifdef HAVE_SYS_STAT_H
| # include <sys/stat.h>
| #endif
| #ifdef STDC_HEADERS
| # include <stdlib.h>
| # include <stddef.h>
| #else
| # ifdef HAVE_STDLIB_H
| #  include <stdlib.h>
| # endif
| #endif
| #ifdef HAVE_STRING_H
| # if !defined STDC_HEADERS && defined HAVE_MEMORY_H
| #  include <memory.h>
| # endif
| # include <string.h>
| #endif
| #ifdef HAVE_STRINGS_H
| # include <strings.h>
| #endif
| #ifdef HAVE_INTTYPES_H
| # include <inttypes.h>
| #endif
| #ifdef HAVE_STDINT_H
| # include <stdint.h>
| #endif
| #ifdef HAVE_UNISTD_H
| # include <unistd.h>
| #endif
| int
| main ()
| {
| if (sizeof ((mode_t)))
| 	    return 0;
|   ;
|   return 0;
| }
configure:5171: result: yes
configure:5182: checking for pid_t
configure:5182: gcc -c -O3 -march=native -mfpmath=sse  conftest.c >&5
configure:5182: $? = 0
configure:5182: gcc -c -O3 -march=native -mfpmath=sse  conftest.c >&5
conftest.c: In function 'main':
conftest.c:74:20: error: expected expression before ')' token
 if (sizeof ((pid_t)))
                    ^
configure:5182: $? = 1
configure: failed program was:
| /* confdefs.h */
| #define PACKAGE_NAME "ALOE"
| #define PACKAGE_TARNAME "aloe"
| #define PACKAGE_VERSION "1.6.0"
| #define PACKAGE_STRING "ALOE 1.6.0"
| #define PACKAGE_BUGREPORT ""
| #define PACKAGE_URL ""
| #define PACKAGE "aloe"
| #define VERSION "1.6.0"
| #define STDC_HEADERS 1
| #define HAVE_SYS_TYPES_H 1
| #define HAVE_SYS_STAT_H 1
| #define HAVE_STDLIB_H 1
| #define HAVE_STRING_H 1
| #define HAVE_MEMORY_H 1
| #define HAVE_STRINGS_H 1
| #define HAVE_INTTYPES_H 1
| #define HAVE_STDINT_H 1
| #define HAVE_UNISTD_H 1
| #define HAVE_TIME_H 1
| #define HAVE_STDIO_H 1
| #define HAVE_STDLIB_H 1
| #define HAVE_ARPA_INET_H 1
| #define HAVE_FCNTL_H 1
| #define HAVE_FLOAT_H 1
| #define HAVE_NETDB_H 1
| #define HAVE_NETINET_IN_H 1
| #define HAVE_STDDEF_H 1
| #define HAVE_STDINT_H 1
| #define HAVE_STDLIB_H 1
| #define HAVE_STRING_H 1
| #define HAVE_STRINGS_H 1
| #define HAVE_SYS_SOCKET_H 1
| #define HAVE_SYS_TIME_H 1
| #define HAVE_UNISTD_H 1
| #define HAVE__BOOL 1
| /* end confdefs.h.  */
| #include <stdio.h>
| #ifdef HAVE_SYS_TYPES_H
| # include <sys/types.h>
| #endif
| #ifdef HAVE_SYS_STAT_H
| # include <sys/stat.h>
| #endif
| #ifdef STDC_HEADERS
| # include <stdlib.h>
| # include <stddef.h>
| #else
| # ifdef HAVE_STDLIB_H
| #  include <stdlib.h>
| # endif
| #endif
| #ifdef HAVE_STRING_H
| # if !defined STDC_HEADERS && defined HAVE_MEMORY_H
| #  include <memory.h>
| # endif
| # include <string.h>
| #endif
| #ifdef HAVE_STRINGS_H
| # include <strings.h>
| #endif
| #ifdef HAVE_INTTYPES_H
| # include <inttypes.h>
| #endif
| #ifdef HAVE_STDINT_H
| # include <stdint.h>
| #endif
| #ifdef HAVE_UNISTD_H
| # include <unistd.h>
| #endif
| int
| main ()
| {
| if (sizeof ((pid_t)))
| 	    return 0;
|   ;
|   return 0;
| }
configure:5182: result: yes
configure:5193: checking for size_t
configure:5193: gcc -c -O3 -march=native -mfpmath=sse  conftest.c >&5
configure:5193: $? = 0
configure:5193: gcc -c -O3 -march=native -mfpmath=sse  conftest.c >&5
conftest.c: In function 'main':
conftest.c:74:21: error: expected expression before ')' token
 if (sizeof ((size_t)))
                     ^
configure:5193: $? = 1
configure: failed program was:
| /* confdefs.h */
| #define PACKAGE_NAME "ALOE"
| #define PACKAGE_TARNAME "aloe"
| #define PACKAGE_VERSION "1.6.0"
| #define PACKAGE_STRING "ALOE 1.6.0"
| #define PACKAGE_BUGREPORT ""
| #define PACKAGE_URL ""
| #define PACKAGE "aloe"
| #define VERSION "1.6.0"
| #define STDC_HEADERS 1
| #define HAVE_SYS_TYPES_H 1
| #define HAVE_SYS_STAT_H 1
| #define HAVE_STDLIB_H 1
| #define HAVE_STRING_H 1
| #define HAVE_MEMORY_H 1
| #define HAVE_STRINGS_H 1
| #define HAVE_INTTYPES_H 1
| #define HAVE_STDINT_H 1
| #define HAVE_UNISTD_H 1
| #define HAVE_TIME_H 1
| #define HAVE_STDIO_H 1
| #define HAVE_STDLIB_H 1
| #define HAVE_ARPA_INET_H 1
| #define HAVE_FCNTL_H 1
| #define HAVE_FLOAT_H 1
| #define HAVE_NETDB_H 1
| #define HAVE_NETINET_IN_H 1
| #define HAVE_STDDEF_H 1
| #define HAVE_STDINT_H 1
| #define HAVE_STDLIB_H 1
| #define HAVE_STRING_H 1
| #define HAVE_STRINGS_H 1
| #define HAVE_SYS_SOCKET_H 1
| #define HAVE_SYS_TIME_H 1
| #define HAVE_UNISTD_H 1
| #define HAVE__BOOL 1
| /* end confdefs.h.  */
| #include <stdio.h>
| #ifdef HAVE_SYS_TYPES_H
| # include <sys/types.h>
| #endif
| #ifdef HAVE_SYS_STAT_H
| # include <sys/stat.h>
| #endif
| #ifdef STDC_HEADERS
| # include <stdlib.h>
| # include <stddef.h>
| #else
| # ifdef HAVE_STDLIB_H
| #  include <stdlib.h>
| # endif
| #endif
| #ifdef HAVE_STRING_H
| # if !defined STDC_HEADERS && defined HAVE_MEMORY_H
| #  include <memory.h>
| # endif
| # include <string.h>
| #endif
| #ifdef HAVE_STRINGS_H
| # include <strings.h>
| #endif
| #ifdef HAVE_INTTYPES_H
| # include <inttypes.h>
| #endif
| #ifdef HAVE_STDINT_H
| # include <stdint.h>
| #endif
| #ifdef HAVE_UNISTD_H
| # include <unistd.h>
| #endif
| int
| main ()
| {
| if (sizeof ((size_t)))
| 	    return 0;
|   ;
|   return 0;
| }
configure:5193: result: yes
configure:5204: checking for uint32_t
configure:5204: gcc -c -O3 -march=native -mfpmath=sse  conftest.c >&5
configure:5204: $? = 0
configure:5204: result: yes
configure:5218: checking for uint64_t
configure:5218: gcc -c -O3 -march=native -mfpmath=sse  conftest.c >&5
configure:5218: $? = 0
configure:5218: result: yes
configure:5234: checking for error_at_line
configure:5250: gcc -o conftest -O3 -march=native -mfpmath=sse   conftest.c -lpthread -lboost_system >&5
configure:5250: $? = 0
configure:5258: result: yes
configure:5271: checking vfork.h usability
configure:5271: gcc -c -O3 -march=native -mfpmath=sse  conftest.c >&5
conftest.c:71:19: fatal error: vfork.h: No such file or directory
compilation terminated.
configure:5271: $? = 1
configure: failed program was:
| /* confdefs.h */
| #define PACKAGE_NAME "ALOE"
| #define PACKAGE_TARNAME "aloe"
| #define PACKAGE_VERSION "1.6.0"
| #define PACKAGE_STRING "ALOE 1.6.0"
| #define PACKAGE_BUGREPORT ""
| #define PACKAGE_URL ""
| #define PACKAGE "aloe"
| #define VERSION "1.6.0"
| #define STDC_HEADERS 1
| #define HAVE_SYS_TYPES_H 1
| #define HAVE_SYS_STAT_H 1
| #define HAVE_STDLIB_H 1
| #define HAVE_STRING_H 1
| #define HAVE_MEMORY_H 1
| #define HAVE_STRINGS_H 1
| #define HAVE_INTTYPES_H 1
| #define HAVE_STDINT_H 1
| #define HAVE_UNISTD_H 1
| #define HAVE_TIME_H 1
| #define HAVE_STDIO_H 1
| #define HAVE_STDLIB_H 1
| #define HAVE_ARPA_INET_H 1
| #define HAVE_FCNTL_H 1
| #define HAVE_FLOAT_H 1
| #define HAVE_NETDB_H 1
| #define HAVE_NETINET_IN_H 1
| #define HAVE_STDDEF_H 1
| #define HAVE_STDINT_H 1
| #define HAVE_STDLIB_H 1
| #define HAVE_STRING_H 1
| #define HAVE_STRINGS_H 1
| #define HAVE_SYS_SOCKET_H 1
| #define HAVE_SYS_TIME_H 1
| #define HAVE_UNISTD_H 1
| #define HAVE__BOOL 1
| /* end confdefs.h.  */
| #include <stdio.h>
| #ifdef HAVE_SYS_TYPES_H
| # include <sys/types.h>
| #endif
| #ifdef HAVE_SYS_STAT_H
| # include <sys/stat.h>
| #endif
| #ifdef STDC_HEADERS
| # include <stdlib.h>
| # include <stddef.h>
| #else
| # ifdef HAVE_STDLIB_H
| #  include <stdlib.h>
| # endif
| #endif
| #ifdef HAVE_STRING_H
| # if !defined STDC_HEADERS && defined HAVE_MEMORY_H
| #  include <memory.h>
| # endif
| # include <string.h>
| #endif
| #ifdef HAVE_STRINGS_H
| # include <strings.h>
| #endif
| #ifdef HAVE_INTTYPES_H
| # include <inttypes.h>
| #endif
| #ifdef HAVE_STDINT_H
| # include <stdint.h>
| #endif
| #ifdef HAVE_UNISTD_H
| # include <unistd.h>
| #endif
| #include <vfork.h>
configure:5271: result: no
configure:5271: checking vfork.h presence
configure:5271: gcc -E  conftest.c
conftest.c:38:19: fatal error: vfork.h: No such file or directory
compilation terminated.
configure:5271: $? = 1
configure: failed program was:
| /* confdefs.h */
| #define PACKAGE_NAME "ALOE"
| #define PACKAGE_TARNAME "aloe"
| #define PACKAGE_VERSION "1.6.0"
| #define PACKAGE_STRING "ALOE 1.6.0"
| #define PACKAGE_BUGREPORT ""
| #define PACKAGE_URL ""
| #define PACKAGE "aloe"
| #define VERSION "1.6.0"
| #define STDC_HEADERS 1
| #define HAVE_SYS_TYPES_H 1
| #define HAVE_SYS_STAT_H 1
| #define HAVE_STDLIB_H 1
| #define HAVE_STRING_H 1
| #define HAVE_MEMORY_H 1
| #define HAVE_STRINGS_H 1
| #define HAVE_INTTYPES_H 1
| #define HAVE_STDINT_H 1
| #define HAVE_UNISTD_H 1
| #define HAVE_TIME_H 1
| #define HAVE_STDIO_H 1
| #define HAVE_STDLIB_H 1
| #define HAVE_ARPA_INET_H 1
| #define HAVE_FCNTL_H 1
| #define HAVE_FLOAT_H 1
| #define HAVE_NETDB_H 1
| #define HAVE_NETINET_IN_H 1
| #define HAVE_STDDEF_H 1
| #define HAVE_STDINT_H 1
| #define HAVE_STDLIB_H 1
| #define HAVE_STRING_H 1
| #define HAVE_STRINGS_H 1
| #define HAVE_SYS_SOCKET_H 1
| #define HAVE_SYS_TIME_H 1
| #define HAVE_UNISTD_H 1
| #define HAVE__BOOL 1
| /* end confdefs.h.  */
| #include <vfork.h>
configure:5271: result: no
configure:5271: checking for vfork.h
configure:5271: result: no
configure:5284: checking for fork
configure:5284: gcc -o conftest -O3 -march=native -mfpmath=sse   conftest.c -lpthread -lboost_system >&5
conftest.c:61:6: warning: conflicting types for built-in function 'fork'
 char fork ();
      ^
configure:5284: $? = 0
configure:5284: result: yes
configure:5284: checking for vfork
configure:5284: gcc -o conftest -O3 -march=native -mfpmath=sse   conftest.c -lpthread -lboost_system >&5
configure:5284: $? = 0
configure:5284: result: yes
configure:5294: checking for working fork
configure:5316: gcc -o conftest -O3 -march=native -mfpmath=sse   conftest.c -lpthread -lboost_system >&5
configure:5316: $? = 0
configure:5316: ./conftest
configure:5316: $? = 0
configure:5326: result: yes
configure:5347: checking for working vfork
configure:5457: result: yes
configure:5484: checking for stdlib.h
configure:5484: result: yes
configure:5494: checking for GNU libc compatible malloc
configure:5518: gcc -o conftest -O3 -march=native -mfpmath=sse   conftest.c -lpthread -lboost_system >&5
configure:5518: $? = 0
configure:5518: ./conftest
configure:5518: $? = 0
configure:5528: result: yes
configure:5551: checking for stdlib.h
configure:5551: result: yes
configure:5561: checking for GNU libc compatible realloc
configure:5585: gcc -o conftest -O3 -march=native -mfpmath=sse   conftest.c -lpthread -lboost_system >&5
configure:5585: $? = 0
configure:5585: ./conftest
configure:5585: $? = 0
configure:5595: result: yes
configure:5616: checking for working strtod
configure:5657: gcc -o conftest -O3 -march=native -mfpmath=sse   conftest.c -lpthread -lboost_system >&5
configure:5657: $? = 0
configure:5657: ./conftest
configure:5657: $? = 0
configure:5667: result: yes
configure:5732: checking for strdup
configure:5732: gcc -o conftest -O3 -march=native -mfpmath=sse   conftest.c -lpthread -lboost_system >&5
conftest.c:69:6: warning: conflicting types for built-in function 'strdup'
 char strdup ();
      ^
configure:5732: $? = 0
configure:5732: result: yes
configure:5732: checking for strerror
configure:5732: gcc -o conftest -O3 -march=native -mfpmath=sse   conftest.c -lpthread -lboost_system >&5
configure:5732: $? = 0
configure:5732: result: yes
configure:5732: checking for strtod
configure:5732: result: yes
configure:5732: checking for time
configure:5732: gcc -o conftest -O3 -march=native -mfpmath=sse   conftest.c -lpthread -lboost_system >&5
configure:5732: $? = 0
configure:5732: result: yes
configure:5732: checking for atexit
configure:5732: gcc -o conftest -O3 -march=native -mfpmath=sse   conftest.c -lpthread -lboost_system >&5
configure:5732: $? = 0
configure:5732: result: yes
configure:5732: checking for bzero
configure:5732: gcc -o conftest -O3 -march=native -mfpmath=sse   conftest.c -lpthread -lboost_system >&5
conftest.c:74:6: warning: conflicting types for built-in function 'bzero'
 char bzero ();
      ^
configure:5732: $? = 0
configure:5732: result: yes
configure:5732: checking for clock_gettime
configure:5732: gcc -o conftest -O3 -march=native -mfpmath=sse   conftest.c -lpthread -lboost_system >&5
configure:5732: $? = 0
configure:5732: result: yes
configure:5732: checking for gettimeofday
configure:5732: gcc -o conftest -O3 -march=native -mfpmath=sse   conftest.c -lpthread -lboost_system >&5
configure:5732: $? = 0
configure:5732: result: yes
configure:5732: checking for inet_ntoa
configure:5732: gcc -o conftest -O3 -march=native -mfpmath=sse   conftest.c -lpthread -lboost_system >&5
configure:5732: $? = 0
configure:5732: result: yes
configure:5732: checking for memset
configure:5732: gcc -o conftest -O3 -march=native -mfpmath=sse   conftest.c -lpthread -lboost_system >&5
conftest.c:78:6: warning: conflicting types for built-in function 'memset'
 char memset ();
      ^
configure:5732: $? = 0
configure:5732: result: yes
configure:5732: checking for mkdir
configure:5732: gcc -o conftest -O3 -march=native -mfpmath=sse   conftest.c -lpthread -lboost_system >&5
configure:5732: $? = 0
configure:5732: result: yes
configure:5732: checking for pow
configure:5732: gcc -o conftest -O3 -march=native -mfpmath=sse   conftest.c -lpthread -lboost_system >&5
conftest.c:80:6: warning: conflicting types for built-in function 'pow'
 char pow ();
      ^
/tmp/ccaPwNKS.o: In function `main':
conftest.c:(.text.startup+0x7): undefined reference to `pow'
collect2: error: ld returned 1 exit status
configure:5732: $? = 1
configure: failed program was:
| /* confdefs.h */
| #define PACKAGE_NAME "ALOE"
| #define PACKAGE_TARNAME "aloe"
| #define PACKAGE_VERSION "1.6.0"
| #define PACKAGE_STRING "ALOE 1.6.0"
| #define PACKAGE_BUGREPORT ""
| #define PACKAGE_URL ""
| #define PACKAGE "aloe"
| #define VERSION "1.6.0"
| #define STDC_HEADERS 1
| #define HAVE_SYS_TYPES_H 1
| #define HAVE_SYS_STAT_H 1
| #define HAVE_STDLIB_H 1
| #define HAVE_STRING_H 1
| #define HAVE_MEMORY_H 1
| #define HAVE_STRINGS_H 1
| #define HAVE_INTTYPES_H 1
| #define HAVE_STDINT_H 1
| #define HAVE_UNISTD_H 1
| #define HAVE_TIME_H 1
| #define HAVE_STDIO_H 1
| #define HAVE_STDLIB_H 1
| #define HAVE_ARPA_INET_H 1
| #define HAVE_FCNTL_H 1
| #define HAVE_FLOAT_H 1
| #define HAVE_NETDB_H 1
| #define HAVE_NETINET_IN_H 1
| #define HAVE_STDDEF_H 1
| #define HAVE_STDINT_H 1
| #define HAVE_STDLIB_H 1
| #define HAVE_STRING_H 1
| #define HAVE_STRINGS_H 1
| #define HAVE_SYS_SOCKET_H 1
| #define HAVE_SYS_TIME_H 1
| #define HAVE_UNISTD_H 1
| #define HAVE__BOOL 1
| #define HAVE_FORK 1
| #define HAVE_VFORK 1
| #define HAVE_WORKING_VFORK 1
| #define HAVE_WORKING_FORK 1
| #define HAVE_STDLIB_H 1
| #define HAVE_MALLOC 1
| #define HAVE_STDLIB_H 1
| #define HAVE_REALLOC 1
| #define HAVE_STRDUP 1
| #define HAVE_STRERROR 1
| #define HAVE_STRTOD 1
| #define HAVE_TIME 1
| #define HAVE_ATEXIT 1
| #define HAVE_BZERO 1
| #define HAVE_CLOCK_GETTIME 1
| #define HAVE_GETTIMEOFDAY 1
| #define HAVE_INET_NTOA 1
| #define HAVE_MEMSET 1
| #define HAVE_MKDIR 1
| /* end confdefs.h.  */
| /* Define pow to an innocuous variant, in case <limits.h> declares pow.
|    For example, HP-UX 11i <limits.h> declares gettimeofday.  */
| #define pow innocuous_pow
| 
| /* System header to define __stub macros and hopefully few prototypes,
|     which can conflict with char pow (); below.
|     Prefer <limits.h> to <assert.h> if __STDC__ is defined, since
|     <limits.h> exists even on freestanding compilers.  */
| 
| #ifdef __STDC__
| # include <limits.h>
| #else
| # include <assert.h>
| #endif
| 
| #undef pow
| 
| /* Override any GCC internal prototype to avoid an error.
|    Use char because int might match the return type of a GCC
|    builtin and then its argument prototype would still apply.  */
| #ifdef __cplusplus
| extern "C"
| #endif
| char pow ();
| /* The GNU C library defines this for functions which it implements
|     to always fail with ENOSYS.  Some functions are actually named
|     something starting with __ and the normal name is an alias.  */
| #if defined __stub_pow || defined __stub___pow
| choke me
| #endif
| 
| int
| main ()
| {
| return pow ();
|   ;
|   return 0;
| }
configure:5732: result: no
configure:5732: checking for socket
configure:5732: gcc -o conftest -O3 -march=native -mfpmath=sse   conftest.c -lpthread -lboost_system >&5
configure:5732: $? = 0
configure:5732: result: yes
configure:5732: checking for sqrt
configure:5732: gcc -o conftest -O3 -march=native -mfpmath=sse   conftest.c -lpthread -lboost_system >&5
conftest.c:81:6: warning: conflicting types for built-in function 'sqrt'
 char sqrt ();
      ^
/tmp/ccckQrE1.o: In function `main':
conftest.c:(.text.startup+0x7): undefined reference to `sqrt'
collect2: error: ld returned 1 exit status
configure:5732: $? = 1
configure: failed program was:
| /* confdefs.h */
| #define PACKAGE_NAME "ALOE"
| #define PACKAGE_TARNAME "aloe"
| #define PACKAGE_VERSION "1.6.0"
| #define PACKAGE_STRING "ALOE 1.6.0"
| #define PACKAGE_BUGREPORT ""
| #define PACKAGE_URL ""
| #define PACKAGE "aloe"
| #define VERSION "1.6.0"
| #define STDC_HEADERS 1
| #define HAVE_SYS_TYPES_H 1
| #define HAVE_SYS_STAT_H 1
| #define HAVE_STDLIB_H 1
| #define HAVE_STRING_H 1
| #define HAVE_MEMORY_H 1
| #define HAVE_STRINGS_H 1
| #define HAVE_INTTYPES_H 1
| #define HAVE_STDINT_H 1
| #define HAVE_UNISTD_H 1
| #define HAVE_TIME_H 1
| #define HAVE_STDIO_H 1
| #define HAVE_STDLIB_H 1
| #define HAVE_ARPA_INET_H 1
| #define HAVE_FCNTL_H 1
| #define HAVE_FLOAT_H 1
| #define HAVE_NETDB_H 1
| #define HAVE_NETINET_IN_H 1
| #define HAVE_STDDEF_H 1
| #define HAVE_STDINT_H 1
| #define HAVE_STDLIB_H 1
| #define HAVE_STRING_H 1
| #define HAVE_STRINGS_H 1
| #define HAVE_SYS_SOCKET_H 1
| #define HAVE_SYS_TIME_H 1
| #define HAVE_UNISTD_H 1
| #define HAVE__BOOL 1
| #define HAVE_FORK 1
| #define HAVE_VFORK 1
| #define HAVE_WORKING_VFORK 1
| #define HAVE_WORKING_FORK 1
| #define HAVE_STDLIB_H 1
| #define HAVE_MALLOC 1
| #define HAVE_STDLIB_H 1
| #define HAVE_REALLOC 1
| #define HAVE_STRDUP 1
| #define HAVE_STRERROR 1
| #define HAVE_STRTOD 1
| #define HAVE_TIME 1
| #define HAVE_ATEXIT 1
| #define HAVE_BZERO 1
| #define HAVE_CLOCK_GETTIME 1
| #define HAVE_GETTIMEOFDAY 1
| #define HAVE_INET_NTOA 1
| #define HAVE_MEMSET 1
| #define HAVE_MKDIR 1
| #define HAVE_SOCKET 1
| /* end confdefs.h.  */
| /* Define sqrt to an innocuous variant, in case <limits.h> declares sqrt.
|    For example, HP-UX 11i <limits.h> declares gettimeofday.  */
| #define sqrt innocuous_sqrt
| 
| /* System header to define __stub macros and hopefully few prototypes,
|     which can conflict with char sqrt (); below.
|     Prefer <limits.h> to <assert.h> if __STDC__ is defined, since
|     <limits.h> exists even on freestanding compilers.  */
| 
| #ifdef __STDC__
| # include <limits.h>
| #else
| # include <assert.h>
| #endif
| 
| #undef sqrt
| 
| /* Override any GCC internal prototype to avoid an error.
|    Use char because int might match the return type of a GCC
|    builtin and then its argument prototype would still apply.  */
| #ifdef __cplusplus
| extern "C"
| #endif
| char sqrt ();
| /* The GNU C library defines this for functions which it implements
|     to always fail with ENOSYS.  Some functions are actually named
|     something starting with __ and the normal name is an alias.  */
| #if defined __stub_sqrt || defined __stub___sqrt
| choke me
| #endif
| 
| int
| main ()
| {
| return sqrt ();
|   ;
|   return 0;
| }
configure:5732: result: no
configure:5732: checking for strchr
configure:5732: gcc -o conftest -O3 -march=native -mfpmath=sse   conftest.c -lpthread -lboost_system >&5
conftest.c:81:6: warning: conflicting types for built-in function 'strchr'
 char strchr ();
      ^
configure:5732: $? = 0
configure:5732: result: yes
configure:5732: checking for strdup
configure:5732: result: yes
configure:5732: checking for strstr
configure:5732: gcc -o conftest -O3 -march=native -mfpmath=sse   conftest.c -lpthread -lboost_system >&5
conftest.c:83:6: warning: conflicting types for built-in function 'strstr'
 char strstr ();
      ^
configure:5732: $? = 0
configure:5732: result: yes
configure:5732: checking for strtoul
configure:5732: gcc -o conftest -O3 -march=native -mfpmath=sse   conftest.c -lpthread -lboost_system >&5
configure:5732: $? = 0
configure:5732: result: yes
configure:5742: checking for clock_gettime in -lrt
configure:5767: gcc -o conftest -O3 -march=native -mfpmath=sse   conftest.c -lrt  -lpthread -lboost_system >&5
configure:5767: $? = 0
configure:5776: result: yes
configure:5779: Found rt library
configure:5815: checking for readline in -lreadline
configure:5840: gcc -o conftest -O3 -march=native -mfpmath=sse   conftest.c -lreadline  -lpthread -lboost_system >&5
configure:5840: $? = 0
configure:5849: result: yes
configure:5852: Found realine
configure:5858: checking for add_history in -lhistory
configure:5883: gcc -o conftest -O3 -march=native -mfpmath=sse   conftest.c -lhistory  -lpthread -lboost_system >&5
configure:5883: $? = 0
configure:5892: result: yes
configure:5895: Found history
configure:5906: checking for jack_client_open in -ljack
configure:5931: gcc -o conftest -O3 -march=native -mfpmath=sse   conftest.c -ljack  -lpthread -lboost_system >&5
configure:5931: $? = 0
configure:5940: result: yes
configure:5943: Found JACK library
configure:5963: checking for main in -lwdapi
configure:5982: g++ -o conftest -g -O2   conftest.cpp -lwdapi -L/usr/Innovative/Lib/Gcc/Release/ -lpthread -lboost_system >&5
/usr/bin/ld: cannot find -lwdapi
collect2: error: ld returned 1 exit status
configure:5982: $? = 1
configure: failed program was:
| /* confdefs.h */
| #define PACKAGE_NAME "ALOE"
| #define PACKAGE_TARNAME "aloe"
| #define PACKAGE_VERSION "1.6.0"
| #define PACKAGE_STRING "ALOE 1.6.0"
| #define PACKAGE_BUGREPORT ""
| #define PACKAGE_URL ""
| #define PACKAGE "aloe"
| #define VERSION "1.6.0"
| #define STDC_HEADERS 1
| #define HAVE_SYS_TYPES_H 1
| #define HAVE_SYS_STAT_H 1
| #define HAVE_STDLIB_H 1
| #define HAVE_STRING_H 1
| #define HAVE_MEMORY_H 1
| #define HAVE_STRINGS_H 1
| #define HAVE_INTTYPES_H 1
| #define HAVE_STDINT_H 1
| #define HAVE_UNISTD_H 1
| #define HAVE_TIME_H 1
| #define HAVE_STDIO_H 1
| #define HAVE_STDLIB_H 1
| #define HAVE_ARPA_INET_H 1
| #define HAVE_FCNTL_H 1
| #define HAVE_FLOAT_H 1
| #define HAVE_NETDB_H 1
| #define HAVE_NETINET_IN_H 1
| #define HAVE_STDDEF_H 1
| #define HAVE_STDINT_H 1
| #define HAVE_STDLIB_H 1
| #define HAVE_STRING_H 1
| #define HAVE_STRINGS_H 1
| #define HAVE_SYS_SOCKET_H 1
| #define HAVE_SYS_TIME_H 1
| #define HAVE_UNISTD_H 1
| #define HAVE__BOOL 1
| #define HAVE_FORK 1
| #define HAVE_VFORK 1
| #define HAVE_WORKING_VFORK 1
| #define HAVE_WORKING_FORK 1
| #define HAVE_STDLIB_H 1
| #define HAVE_MALLOC 1
| #define HAVE_STDLIB_H 1
| #define HAVE_REALLOC 1
| #define HAVE_STRDUP 1
| #define HAVE_STRERROR 1
| #define HAVE_STRTOD 1
| #define HAVE_TIME 1
| #define HAVE_ATEXIT 1
| #define HAVE_BZERO 1
| #define HAVE_CLOCK_GETTIME 1
| #define HAVE_GETTIMEOFDAY 1
| #define HAVE_INET_NTOA 1
| #define HAVE_MEMSET 1
| #define HAVE_MKDIR 1
| #define HAVE_SOCKET 1
| #define HAVE_STRCHR 1
| #define HAVE_STRDUP 1
| #define HAVE_STRSTR 1
| #define HAVE_STRTOUL 1
| #define HAVE_JACK 1
| /* end confdefs.h.  */
| 
| 
| int
| main ()
| {
| return main ();
|   ;
|   return 0;
| }
configure:5991: result: no
configure:6001: X5-400 library not found. Board DAC not availabe.
configure:6005: checking for main in -luhd
configure:6024: g++ -o conftest -g -O2   conftest.cpp -luhd  -lpthread -lboost_system >&5
/usr/bin/ld: cannot find -luhd
collect2: error: ld returned 1 exit status
configure:6024: $? = 1
configure: failed program was:
| /* confdefs.h */
| #define PACKAGE_NAME "ALOE"
| #define PACKAGE_TARNAME "aloe"
| #define PACKAGE_VERSION "1.6.0"
| #define PACKAGE_STRING "ALOE 1.6.0"
| #define PACKAGE_BUGREPORT ""
| #define PACKAGE_URL ""
| #define PACKAGE "aloe"
| #define VERSION "1.6.0"
| #define STDC_HEADERS 1
| #define HAVE_SYS_TYPES_H 1
| #define HAVE_SYS_STAT_H 1
| #define HAVE_STDLIB_H 1
| #define HAVE_STRING_H 1
| #define HAVE_MEMORY_H 1
| #define HAVE_STRINGS_H 1
| #define HAVE_INTTYPES_H 1
| #define HAVE_STDINT_H 1
| #define HAVE_UNISTD_H 1
| #define HAVE_TIME_H 1
| #define HAVE_STDIO_H 1
| #define HAVE_STDLIB_H 1
| #define HAVE_ARPA_INET_H 1
| #define HAVE_FCNTL_H 1
| #define HAVE_FLOAT_H 1
| #define HAVE_NETDB_H 1
| #define HAVE_NETINET_IN_H 1
| #define HAVE_STDDEF_H 1
| #define HAVE_STDINT_H 1
| #define HAVE_STDLIB_H 1
| #define HAVE_STRING_H 1
| #define HAVE_STRINGS_H 1
| #define HAVE_SYS_SOCKET_H 1
| #define HAVE_SYS_TIME_H 1
| #define HAVE_UNISTD_H 1
| #define HAVE__BOOL 1
| #define HAVE_FORK 1
| #define HAVE_VFORK 1
| #define HAVE_WORKING_VFORK 1
| #define HAVE_WORKING_FORK 1
| #define HAVE_STDLIB_H 1
| #define HAVE_MALLOC 1
| #define HAVE_STDLIB_H 1
| #define HAVE_REALLOC 1
| #define HAVE_STRDUP 1
| #define HAVE_STRERROR 1
| #define HAVE_STRTOD 1
| #define HAVE_TIME 1
| #define HAVE_ATEXIT 1
| #define HAVE_BZERO 1
| #define HAVE_CLOCK_GETTIME 1
| #define HAVE_GETTIMEOFDAY 1
| #define HAVE_INET_NTOA 1
| #define HAVE_MEMSET 1
| #define HAVE_MKDIR 1
| #define HAVE_SOCKET 1
| #define HAVE_STRCHR 1
| #define HAVE_STRDUP 1
| #define HAVE_STRSTR 1
| #define HAVE_STRTOUL 1
| #define HAVE_JACK 1
| /* end confdefs.h.  */
| 
| 
| int
| main ()
| {
| return main ();
|   ;
|   return 0;
| }
configure:6033: result: no
configure:6083: USRP library not found. Board DAC not availabe.
configure:6093: checking for snd_pcm_open in -lasound
configure:6118: gcc -o conftest -O3 -march=native -mfpmath=sse   conftest.c -lasound  -lpthread -lboost_system >&5
configure:6118: $? = 0
configure:6127: result: yes
configure:6130: Found alsa library
configure:6199: checking for stdlib.h
configure:6199: result: yes
configure:6209: checking for GNU libc compatible malloc
configure:6243: result: yes
configure:6440: checking that generated files are newer than configure
configure:6446: result: done
configure:6497: creating ./config.status

## ---------------------- ##
## Running config.status. ##
## ---------------------- ##

This file was extended by ALOE config.status 1.6.0, which was
generated by GNU Autoconf 2.69.  Invocation command line was

  CONFIG_FILES    = 
  CONFIG_HEADERS  = 
  CONFIG_LINKS    = 
  CONFIG_COMMANDS = 
  $ ./config.status 

on LUBUESRLAB

config.status:852: creating Makefile
config.status:852: creating aloeSKs/aloeSK15/skel_SK15/lnx_make/Makefile
config.status:852: creating utils/lnx_make/Makefile
config.status:852: creating hw_api/lnx/Makefile
config.status:852: creating sw_daemons/lnx_make/Makefile
config.status:852: creating sw_api/lnx_make/Makefile
config.status:852: creating cmdman_console/Makefile
config.status:852: creating modules/typetools/lnx_make/Makefile
config.status:852: creating modules/ADSIMUL/lnx_make/Makefile
config.status:852: creating modules/CHANNEL_ANALYZER/lnx_make/Makefile
config.status:852: creating modules/channel_noise/lnx_make/Makefile
config.status:852: creating modules/CIRC_BUFFER/lnx_make/Makefile
config.status:852: creating modules/computeEVM/lnx_make/Makefile
config.status:852: creating modules/CPLX_FILTER/lnx_make/Makefile
config.status:852: creating modules/CRC/lnx_make/Makefile
config.status:852: creating modules/DAC_JACK0/lnx_make/Makefile
config.status:852: creating modules/DAC_JACK1/lnx_make/Makefile
config.status:852: creating modules/data_source/lnx_make/Makefile
config.status:852: creating modules/data_source_sink/lnx_make/Makefile
config.status:852: creating modules/DDC/lnx_make/Makefile
config.status:852: creating modules/DDC17/lnx_make/Makefile
config.status:852: creating modules/DUC17/lnx_make/Makefile
config.status:852: creating modules/FFT_IFFT/lnx_make/Makefile
config.status:852: creating modules/GRAPH/lnx_make/Makefile
config.status:852: creating modules/LTEturboCOD/lnx_make/Makefile
config.status:852: creating modules/LTEturboCOD2/lnx_make/Makefile
config.status:852: creating modules/MOD_QAM/lnx_make/Makefile
config.status:852: creating modules/module_template/lnx_make/Makefile
config.status:852: creating modules/REAL_FILTER/lnx_make/Makefile
config.status:852: creating modules/SCRAMBLING/lnx_make/Makefile
config.status:852: creating modules/UPLINK_DEMAPPING/lnx_make/Makefile
config.status:852: creating modules/UPLINK_EQUALIZER/lnx_make/Makefile
config.status:852: creating modules/UPLINK_MAPPING/lnx_make/Makefile
config.status:852: creating modules/UPLINK_SYNCHRO/lnx_make/Makefile
config.status:1024: executing depfiles commands
configure:7684: result:
==============================================================

		== FLEXNets ==

ALOE has been configured successfully. You can compile and
install it by typing 'make && sudo make install'
After that, you can run ALOE by:

1) Moving to the app folder: cd APPs/appTopic/appname/
2) Typing: 'runcf -c APPs/appTOPIC/appname/platform.conf'
3) Or with real-time priority:
	'sudo runcf -c APPs/appTOPIC/appname/platform.conf'

You can choose other compiler flags, e.g.:

include debugging symbols and enable symbol resolve:
	./configure CFLAGS='-rdynamic -O0 -g'

optimize for native processor including SSE instructions
	./configure CFLAGS='-O3 -march=native -mfpmath=sse'

==============================================================


## ---------------- ##
## Cache variables. ##
## ---------------- ##

ac_cv_build=x86_64-pc-linux-gnu
ac_cv_c_compiler_gnu=yes
ac_cv_c_inline=inline
ac_cv_c_uint32_t=yes
ac_cv_c_uint64_t=yes
ac_cv_cxx_compiler_gnu=yes
ac_cv_env_CCC_set=
ac_cv_env_CCC_value=
ac_cv_env_CC_set=
ac_cv_env_CC_value=
ac_cv_env_CFLAGS_set=set
ac_cv_env_CFLAGS_value='-O3 -march=native -mfpmath=sse'
ac_cv_env_CPPFLAGS_set=
ac_cv_env_CPPFLAGS_value=
ac_cv_env_CPP_set=
ac_cv_env_CPP_value=
ac_cv_env_CXXFLAGS_set=
ac_cv_env_CXXFLAGS_value=
ac_cv_env_CXX_set=
ac_cv_env_CXX_value=
ac_cv_env_LDFLAGS_set=
ac_cv_env_LDFLAGS_value=
ac_cv_env_LIBS_set=set
ac_cv_env_LIBS_value='-lpthread -lboost_system'
ac_cv_env_build_alias_set=
ac_cv_env_build_alias_value=
ac_cv_env_host_alias_set=
ac_cv_env_host_alias_value=
ac_cv_env_target_alias_set=
ac_cv_env_target_alias_value=
ac_cv_func_atexit=yes
ac_cv_func_bzero=yes
ac_cv_func_clock_gettime=yes
ac_cv_func_fork=yes
ac_cv_func_fork_works=yes
ac_cv_func_gettimeofday=yes
ac_cv_func_inet_ntoa=yes
ac_cv_func_malloc_0_nonnull=yes
ac_cv_func_memset=yes
ac_cv_func_mkdir=yes
ac_cv_func_pow=no
ac_cv_func_realloc_0_nonnull=yes
ac_cv_func_socket=yes
ac_cv_func_sqrt=no
ac_cv_func_strchr=yes
ac_cv_func_strdup=yes
ac_cv_func_strerror=yes
ac_cv_func_strstr=yes
ac_cv_func_strtod=yes
ac_cv_func_strtoul=yes
ac_cv_func_time=yes
ac_cv_func_vfork=yes
ac_cv_func_vfork_works=yes
ac_cv_header_arpa_inet_h=yes
ac_cv_header_fcntl_h=yes
ac_cv_header_float_h=yes
ac_cv_header_inttypes_h=yes
ac_cv_header_memory_h=yes
ac_cv_header_netdb_h=yes
ac_cv_header_netinet_in_h=yes
ac_cv_header_stdbool_h=yes
ac_cv_header_stdc=yes
ac_cv_header_stddef_h=yes
ac_cv_header_stdint_h=yes
ac_cv_header_stdio_h=yes
ac_cv_header_stdlib_h=yes
ac_cv_header_string_h=yes
ac_cv_header_strings_h=yes
ac_cv_header_sys_socket_h=yes
ac_cv_header_sys_stat_h=yes
ac_cv_header_sys_time_h=yes
ac_cv_header_sys_types_h=yes
ac_cv_header_time_h=yes
ac_cv_header_unistd_h=yes
ac_cv_header_vfork_h=no
ac_cv_host=x86_64-pc-linux-gnu
ac_cv_lib_asound_snd_pcm_open=yes
ac_cv_lib_error_at_line=yes
ac_cv_lib_history_add_history=yes
ac_cv_lib_jack_jack_client_open=yes
ac_cv_lib_readline_readline=yes
ac_cv_lib_rt_clock_gettime=yes
ac_cv_lib_uhd_main=no
ac_cv_lib_wdapi_main=no
ac_cv_objext=o
ac_cv_path_EGREP='/bin/grep -E'
ac_cv_path_GREP=/bin/grep
ac_cv_path_install='/usr/bin/install -c'
ac_cv_path_mkdir=/bin/mkdir
ac_cv_prog_AWK=gawk
ac_cv_prog_CPP='gcc -E'
ac_cv_prog_ac_ct_CC=gcc
ac_cv_prog_ac_ct_CXX=g++
ac_cv_prog_ac_ct_RANLIB=ranlib
ac_cv_prog_cc_c89=
ac_cv_prog_cc_g=yes
ac_cv_prog_cxx_g=yes
ac_cv_prog_make_make_set=yes
ac_cv_type__Bool=yes
ac_cv_type_mode_t=yes
ac_cv_type_pid_t=yes
ac_cv_type_size_t=yes
am_cv_CC_dependencies_compiler_type=gcc3
am_cv_CXX_dependencies_compiler_type=gcc3
am_cv_make_support_nested_variables=yes
am_cv_prog_cc_c_o=yes

## ----------------- ##
## Output variables. ##
## ----------------- ##

ACLOCAL='${SHELL} /home/esrlab/DADES/ALOE/ALOE_DOCENCIA_20210116/missing aclocal-1.15'
AMDEPBACKSLASH='\'
AMDEP_FALSE='#'
AMDEP_TRUE=''
AMTAR='$${TAR-tar}'
AM_BACKSLASH='\'
AM_DEFAULT_V='$(AM_DEFAULT_VERBOSITY)'
AM_DEFAULT_VERBOSITY='1'
AM_V='$(V)'
AUTOCONF='${SHELL} /home/esrlab/DADES/ALOE/ALOE_DOCENCIA_20210116/missing autoconf'
AUTOHEADER='${SHELL} /home/esrlab/DADES/ALOE/ALOE_DOCENCIA_20210116/missing autoheader'
AUTOMAKE='${SHELL} /home/esrlab/DADES/ALOE/ALOE_DOCENCIA_20210116/missing automake-1.15'
AWK='gawk'
CC='gcc'
CCDEPMODE='depmode=gcc3'
CFLAGS='-O3 -march=native -mfpmath=sse'
CPP='gcc -E'
CPPFLAGS=''
CXX='g++'
CXXDEPMODE='depmode=gcc3'
CXXFLAGS='-g -O2'
CYGPATH_W='echo'
DEFS='-DPACKAGE_NAME=\"ALOE\" -DPACKAGE_TARNAME=\"aloe\" -DPACKAGE_VERSION=\"1.6.0\" -DPACKAGE_STRING=\"ALOE\ 1.6.0\" -DPACKAGE_BUGREPORT=\"\" -DPACKAGE_URL=\"\" -DPACKAGE=\"aloe\" -DVERSION=\"1.6.0\" -DSTDC_HEADERS=1 -DHAVE_SYS_TYPES_H=1 -DHAVE_SYS_STAT_H=1 -DHAVE_STDLIB_H=1 -DHAVE_STRING_H=1 -DHAVE_MEMORY_H=1 -DHAVE_STRINGS_H=1 -DHAVE_INTTYPES_H=1 -DHAVE_STDINT_H=1 -DHAVE_UNISTD_H=1 -DHAVE_TIME_H=1 -DHAVE_STDIO_H=1 -DHAVE_STDLIB_H=1 -DHAVE_ARPA_INET_H=1 -DHAVE_FCNTL_H=1 -DHAVE_FLOAT_H=1 -DHAVE_NETDB_H=1 -DHAVE_NETINET_IN_H=1 -DHAVE_STDDEF_H=1 -DHAVE_STDINT_H=1 -DHAVE_STDLIB_H=1 -DHAVE_STRING_H=1 -DHAVE_STRINGS_H=1 -DHAVE_SYS_SOCKET_H=1 -DHAVE_SYS_TIME_H=1 -DHAVE_UNISTD_H=1 -DHAVE__BOOL=1 -DHAVE_FORK=1 -DHAVE_VFORK=1 -DHAVE_WORKING_VFORK=1 -DHAVE_WORKING_FORK=1 -DHAVE_STDLIB_H=1 -DHAVE_MALLOC=1 -DHAVE_STDLIB_H=1 -DHAVE_REALLOC=1 -DHAVE_STRDUP=1 -DHAVE_STRERROR=1 -DHAVE_STRTOD=1 -DHAVE_TIME=1 -DHAVE_ATEXIT=1 -DHAVE_BZERO=1 -DHAVE_CLOCK_GETTIME=1 -DHAVE_GETTIMEOFDAY=1 -DHAVE_INET_NTOA=1 -DHAVE_MEMSET=1 -DHAVE_MKDIR=1 -DHAVE_SOCKET=1 -DHAVE_STRCHR=1 -DHAVE_STRDUP=1 -DHAVE_STRSTR=1 -DHAVE_STRTOUL=1 -DHAVE_JACK=1 -DHAVE_ALSA=1 -DHAVE_STDLIB_H=1 -DHAVE_MALLOC=1'
DEPDIR='.deps'
ECHO_C=''
ECHO_N='-n'
ECHO_T=''
EGREP='/bin/grep -E'
EXEEXT=''
FULL_DIST=''
GREP='/bin/grep'
HAVE_ALSA='yes'
HAVE_ALSA_FALSE='#'
HAVE_ALSA_TRUE=''
HAVE_JACK='yes'
HAVE_JACK_FALSE='#'
HAVE_JACK_TRUE=''
HAVE_UHD='no'
HAVE_UHD_FALSE=''
HAVE_UHD_TRUE='#'
HAVE_X5='no'
HAVE_X5_FALSE=''
HAVE_X5_TRUE='#'
INSTALL_DATA='${INSTALL} -m 644'
INSTALL_PROGRAM='${INSTALL}'
INSTALL_SCRIPT='${INSTALL}'
INSTALL_STRIP_PROGRAM='$(install_sh) -c -s'
IS_FULLDIST_FALSE=''
IS_FULLDIST_TRUE='#'
LDFLAGS=''
LIBOBJS=''
LIBS='-lpthread -lboost_system'
LTLIBOBJS=''
MAKEINFO='${SHELL} /home/esrlab/DADES/ALOE/ALOE_DOCENCIA_20210116/missing makeinfo'
MAKE_OBJ=''
MKDIR_P='/bin/mkdir -p'
OBJEXT='o'
ONLYMODULES_FALSE='#'
ONLYMODULES_TRUE=''
ONLY_MODULES='no'
PACKAGE='aloe'
PACKAGE_BUGREPORT=''
PACKAGE_NAME='ALOE'
PACKAGE_STRING='ALOE 1.6.0'
PACKAGE_TARNAME='aloe'
PACKAGE_URL=''
PACKAGE_VERSION='1.6.0'
PATH_SEPARATOR=':'
POW_LIB=''
RANLIB='ranlib'
SET_MAKE=''
SHELL='/bin/bash'
STRIP=''
VERSION='1.6.0'
ac_ct_CC='gcc'
ac_ct_CXX='g++'
am__EXEEXT_FALSE=''
am__EXEEXT_TRUE='#'
am__fastdepCC_FALSE='#'
am__fastdepCC_TRUE=''
am__fastdepCXX_FALSE='#'
am__fastdepCXX_TRUE=''
am__include='include'
am__isrc=''
am__leading_dot='.'
am__nodep='_no'
am__quote=''
am__tar='${AMTAR} cf - "$$tardir"'
am__untar='${AMTAR} xf -'
bindir='${exec_prefix}/bin'
build='x86_64-pc-linux-gnu'
build_alias=''
build_cpu='x86_64'
build_os='linux-gnu'
build_vendor='pc'
datadir='${datarootdir}'
datarootdir='${prefix}/share'
docdir='${datarootdir}/doc/${PACKAGE_TARNAME}'
dvidir='${docdir}'
exec_prefix='${prefix}'
host='x86_64-pc-linux-gnu'
host_alias=''
host_cpu='x86_64'
host_os='linux-gnu'
host_vendor='pc'
htmldir='${docdir}'
hwapi='-lhw_api -lrt -lm -ljack -lasound'
includedir='${prefix}/include'
infodir='${datarootdir}/info'
install_sh='${SHELL} /home/esrlab/DADES/ALOE/ALOE_DOCENCIA_20210116/install-sh'
libdir='${exec_prefix}/lib'
libexecdir='${exec_prefix}/libexec'
localedir='${datarootdir}/locale'
localstatedir='${prefix}/var'
mandir='${datarootdir}/man'
mkdir_p='$(MKDIR_P)'
oldincludedir='/usr/include'
pdfdir='${docdir}'
prefix='/usr/local'
program_transform_name='s,x,x,'
psdir='${docdir}'
runstatedir='${localstatedir}/run'
sbindir='${exec_prefix}/sbin'
sharedstatedir='${prefix}/com'
swapi='-lsw_api -lhw_api -lrt -lm -ltypetools'
sysconfdir='${prefix}/etc'
target_alias=''

## ----------- ##
## confdefs.h. ##
## ----------- ##

/* confdefs.h */
#define PACKAGE_NAME "ALOE"
#define PACKAGE_TARNAME "aloe"
#define PACKAGE_VERSION "1.6.0"
#define PACKAGE_STRING "ALOE 1.6.0"
#define PACKAGE_BUGREPORT ""
#define PACKAGE_URL ""
#define PACKAGE "aloe"
#define VERSION "1.6.0"
#define STDC_HEADERS 1
#define HAVE_SYS_TYPES_H 1
#define HAVE_SYS_STAT_H 1
#define HAVE_STDLIB_H 1
#define HAVE_STRING_H 1
#define HAVE_MEMORY_H 1
#define HAVE_STRINGS_H 1
#define HAVE_INTTYPES_H 1
#define HAVE_STDINT_H 1
#define HAVE_UNISTD_H 1
#define HAVE_TIME_H 1
#define HAVE_STDIO_H 1
#define HAVE_STDLIB_H 1
#define HAVE_ARPA_INET_H 1
#define HAVE_FCNTL_H 1
#define HAVE_FLOAT_H 1
#define HAVE_NETDB_H 1
#define HAVE_NETINET_IN_H 1
#define HAVE_STDDEF_H 1
#define HAVE_STDINT_H 1
#define HAVE_STDLIB_H 1
#define HAVE_STRING_H 1
#define HAVE_STRINGS_H 1
#define HAVE_SYS_SOCKET_H 1
#define HAVE_SYS_TIME_H 1
#define HAVE_UNISTD_H 1
#define HAVE__BOOL 1
#define HAVE_FORK 1
#define HAVE_VFORK 1
#define HAVE_WORKING_VFORK 1
#define HAVE_WORKING_FORK 1
#define HAVE_STDLIB_H 1
#define HAVE_MALLOC 1
#define HAVE_STDLIB_H 1
#define HAVE_REALLOC 1
#define HAVE_STRDUP 1
#define HAVE_STRERROR 1
#define HAVE_STRTOD 1
#define HAVE_TIME 1
#define HAVE_ATEXIT 1
#define HAVE_BZERO 1
#define HAVE_CLOCK_GETTIME 1
#define HAVE_GETTIMEOFDAY 1
#define HAVE_INET_NTOA 1
#define HAVE_MEMSET 1
#define HAVE_MKDIR 1
#define HAVE_SOCKET 1
#define HAVE_STRCHR 1
#define HAVE_STRDUP 1
#define HAVE_STRSTR 1
#define HAVE_STRTOUL 1
#define HAVE_JACK 1
#define HAVE_ALSA 1
#define HAVE_STDLIB_H 1
#define HAVE_MALLOC 1

configure: exit 0
